<?xml version="1.0" encoding="UTF-8"?>
<testng-results ignored="0" total="1" passed="1" failed="0" skipped="0">
  <reporter-output>
  </reporter-output>
  <suite started-at="2021-07-20T15:40:28Z" name="Suite" finished-at="2021-07-20T15:40:31Z" duration-ms="2610">
    <groups>
    </groups>
    <test started-at="2021-07-20T15:40:28Z" name="Test" finished-at="2021-07-20T15:40:31Z" duration-ms="2610">
      <class name="testNg.org.CrossBrowserTesting">
        <test-method signature="tc0(java.lang.String)[pri:0, instance:testNg.org.CrossBrowserTesting@59d4cd39]" started-at="2021-07-20T15:40:28Z" name="tc0" finished-at="2021-07-20T15:40:31Z" duration-ms="2574" status="PASS">
          <params>
            <param index="0">
              <value>
                <![CDATA[chrome]]>
              </value>
            </param>
          </params>
          <reporter-output>
          </reporter-output>
        </test-method> <!-- tc0 -->
      </class> <!-- testNg.org.CrossBrowserTesting -->
    </test> <!-- Test -->
  </suite> <!-- Suite -->
</testng-results>
